# JRE version: OpenJDK Runtime Environment (11.0.3+7) (build 11.0.3+7-LTS)
# Java VM: OpenJDK 64-Bit Server VM (11.0.3+7-LTS, mixed mode, tiered, compressed oops, g1 gc, windows-amd64)
Heap:
 garbage-first heap   total 643072K, used 25176K [0x0000000600800000, 0x0000000800000000)
  region size 2048K, 6 young (12288K), 3 survivors (6144K)
 Metaspace       used 50526K, capacity 51807K, committed 51964K, reserved 1095680K
  class space    used 5448K, capacity 6078K, committed 6140K, reserved 1048576K
GC Heap History (10 events):
Event: 8.539 GC heap before
{Heap before GC invocations=16 (full 0):
 garbage-first heap   total 643072K, used 396815K [0x0000000600800000, 0x0000000800000000)
  region size 2048K, 188 young (385024K), 3 survivors (6144K)
 Metaspace       used 47380K, capacity 48480K, committed 48764K, reserved 1091584K
  class space    used 5050K, capacity 5616K, committed 5756K, reserved 1048576K
}
Event: 8.544 GC heap after
{Heap after GC invocations=17 (full 0):
 garbage-first heap   total 643072K, used 18374K [0x0000000600800000, 0x0000000800000000)
  region size 2048K, 3 young (6144K), 3 survivors (6144K)
 Metaspace       used 47380K, capacity 48480K, committed 48764K, reserved 1091584K
  class space    used 5050K, capacity 5616K, committed 5756K, reserved 1048576K
}
Event: 9.011 GC heap before
{Heap before GC invocations=17 (full 0):
 garbage-first heap   total 643072K, used 397254K [0x0000000600800000, 0x0000000800000000)
  region size 2048K, 188 young (385024K), 3 survivors (6144K)
 Metaspace       used 47387K, capacity 48480K, committed 48764K, reserved 1091584K
  class space    used 5050K, capacity 5616K, committed 5756K, reserved 1048576K
}
Event: 9.017 GC heap after
{Heap after GC invocations=18 (full 0):
 garbage-first heap   total 643072K, used 18393K [0x0000000600800000, 0x0000000800000000)
  region size 2048K, 3 young (6144K), 3 survivors (6144K)
 Metaspace       used 47387K, capacity 48480K, committed 48764K, reserved 1091584K
  class space    used 5050K, capacity 5616K, committed 5756K, reserved 1048576K
}
Event: 20.708 GC heap before
{Heap before GC invocations=18 (full 0):
 garbage-first heap   total 643072K, used 397273K [0x0000000600800000, 0x0000000800000000)
  region size 2048K, 188 young (385024K), 3 survivors (6144K)
 Metaspace       used 49879K, capacity 51016K, committed 51068K, reserved 1093632K
  class space    used 5395K, capacity 5975K, committed 6012K, reserved 1048576K
}
Event: 20.714 GC heap after
{Heap after GC invocations=19 (full 0):
 garbage-first heap   total 643072K, used 19557K [0x0000000600800000, 0x0000000800000000)
  region size 2048K, 4 young (8192K), 4 survivors (8192K)
 Metaspace       used 49879K, capacity 51016K, committed 51068K, reserved 1093632K
  class space    used 5395K, capacity 5975K, committed 6012K, reserved 1048576K
}
Event: 64.744 GC heap before
{Heap before GC invocations=19 (full 0):
 garbage-first heap   total 643072K, used 394341K [0x0000000600800000, 0x0000000800000000)
  region size 2048K, 188 young (385024K), 4 survivors (8192K)
 Metaspace       used 50231K, capacity 51421K, committed 51580K, reserved 1095680K
  class space    used 5397K, capacity 5977K, committed 6012K, reserved 1048576K
}
Event: 64.751 GC heap after
{Heap after GC invocations=20 (full 0):
 garbage-first heap   total 643072K, used 22376K [0x0000000600800000, 0x0000000800000000)
  region size 2048K, 5 young (10240K), 5 survivors (10240K)
 Metaspace       used 50231K, capacity 51421K, committed 51580K, reserved 1095680K
  class space    used 5397K, capacity 5977K, committed 6012K, reserved 1048576K
}
Event: 108.387 GC heap before
{Heap before GC invocations=20 (full 0):
 garbage-first heap   total 643072K, used 395112K [0x0000000600800000, 0x0000000800000000)
  region size 2048K, 188 young (385024K), 5 survivors (10240K)
 Metaspace       used 50525K, capacity 51807K, committed 51964K, reserved 1095680K
  class space    used 5448K, capacity 6078K, committed 6140K, reserved 1048576K
}
Event: 108.393 GC heap after
{Heap after GC invocations=21 (full 0):
 garbage-first heap   total 643072K, used 21080K [0x0000000600800000, 0x0000000800000000)
  region size 2048K, 3 young (6144K), 3 survivors (6144K)
 Metaspace       used 50525K, capacity 51807K, committed 51964K, reserved 1095680K
  class space    used 5448K, capacity 6078K, committed 6140K, reserved 1048576K
}

