# JRE version: OpenJDK Runtime Environment (11.0.3+7) (build 11.0.3+7-LTS)
# Java VM: OpenJDK 64-Bit Server VM (11.0.3+7-LTS, mixed mode, tiered, compressed oops, g1 gc, windows-amd64)
Heap:
 garbage-first heap   total 524288K, used 31009K [0x0000000600800000, 0x0000000800000000)
  region size 2048K, 6 young (12288K), 2 survivors (4096K)
 Metaspace       used 49428K, capacity 50796K, committed 50944K, reserved 1093632K
  class space    used 5951K, capacity 6556K, committed 6656K, reserved 1048576K
GC Heap History (10 events):
Event: 10.137 GC heap before
{Heap before GC invocations=17 (full 0):
 garbage-first heap   total 524288K, used 331361K [0x0000000600800000, 0x0000000800000000)
  region size 2048K, 153 young (313344K), 2 survivors (4096K)
 Metaspace       used 44697K, capacity 45841K, committed 46208K, reserved 1089536K
  class space    used 5404K, capacity 5923K, committed 6016K, reserved 1048576K
}
Event: 10.139 GC heap after
{Heap after GC invocations=18 (full 0):
 garbage-first heap   total 524288K, used 22100K [0x0000000600800000, 0x0000000800000000)
  region size 2048K, 2 young (4096K), 2 survivors (4096K)
 Metaspace       used 44697K, capacity 45841K, committed 46208K, reserved 1089536K
  class space    used 5404K, capacity 5923K, committed 6016K, reserved 1048576K
}
Event: 10.574 GC heap before
{Heap before GC invocations=18 (full 0):
 garbage-first heap   total 524288K, used 331348K [0x0000000600800000, 0x0000000800000000)
  region size 2048K, 153 young (313344K), 2 survivors (4096K)
 Metaspace       used 44704K, capacity 45841K, committed 46208K, reserved 1089536K
  class space    used 5404K, capacity 5923K, committed 6016K, reserved 1048576K
}
Event: 10.577 GC heap after
{Heap after GC invocations=19 (full 0):
 garbage-first heap   total 524288K, used 22139K [0x0000000600800000, 0x0000000800000000)
  region size 2048K, 2 young (4096K), 2 survivors (4096K)
 Metaspace       used 44704K, capacity 45841K, committed 46208K, reserved 1089536K
  class space    used 5404K, capacity 5923K, committed 6016K, reserved 1048576K
}
Event: 12.015 GC heap before
{Heap before GC invocations=19 (full 0):
 garbage-first heap   total 524288K, used 331387K [0x0000000600800000, 0x0000000800000000)
  region size 2048K, 153 young (313344K), 2 survivors (4096K)
 Metaspace       used 46599K, capacity 47729K, committed 48000K, reserved 1091584K
  class space    used 5643K, capacity 6147K, committed 6272K, reserved 1048576K
}
Event: 12.017 GC heap after
{Heap after GC invocations=20 (full 0):
 garbage-first heap   total 524288K, used 22415K [0x0000000600800000, 0x0000000800000000)
  region size 2048K, 2 young (4096K), 2 survivors (4096K)
 Metaspace       used 46599K, capacity 47729K, committed 48000K, reserved 1091584K
  class space    used 5643K, capacity 6147K, committed 6272K, reserved 1048576K
}
Event: 38.213 GC heap before
{Heap before GC invocations=20 (full 0):
 garbage-first heap   total 524288K, used 329615K [0x0000000600800000, 0x0000000800000000)
  region size 2048K, 153 young (313344K), 2 survivors (4096K)
 Metaspace       used 49244K, capacity 50555K, committed 50688K, reserved 1093632K
  class space    used 5948K, capacity 6550K, committed 6656K, reserved 1048576K
}
Event: 38.218 GC heap after
{Heap after GC invocations=21 (full 0):
 garbage-first heap   total 524288K, used 25321K [0x0000000600800000, 0x0000000800000000)
  region size 2048K, 2 young (4096K), 2 survivors (4096K)
 Metaspace       used 49244K, capacity 50555K, committed 50688K, reserved 1093632K
  class space    used 5948K, capacity 6550K, committed 6656K, reserved 1048576K
}
Event: 63.328 GC heap before
{Heap before GC invocations=21 (full 0):
 garbage-first heap   total 524288K, used 332521K [0x0000000600800000, 0x0000000800000000)
  region size 2048K, 153 young (313344K), 2 survivors (4096K)
 Metaspace       used 49425K, capacity 50732K, committed 50944K, reserved 1093632K
  class space    used 5951K, capacity 6556K, committed 6656K, reserved 1048576K
}
Event: 63.331 GC heap after
{Heap after GC invocations=22 (full 0):
 garbage-first heap   total 524288K, used 24865K [0x0000000600800000, 0x0000000800000000)
  region size 2048K, 2 young (4096K), 2 survivors (4096K)
 Metaspace       used 49425K, capacity 50732K, committed 50944K, reserved 1093632K
  class space    used 5951K, capacity 6556K, committed 6656K, reserved 1048576K
}

