# JRE version: OpenJDK Runtime Environment (11.0.3+7) (build 11.0.3+7-LTS)
# Java VM: OpenJDK 64-Bit Server VM (11.0.3+7-LTS, mixed mode, tiered, compressed oops, g1 gc, windows-amd64)
Heap:
 garbage-first heap   total 630784K, used 54919K [0x0000000600800000, 0x0000000800000000)
  region size 2048K, 22 young (45056K), 3 survivors (6144K)
 Metaspace       used 49359K, capacity 50510K, committed 50684K, reserved 1093632K
  class space    used 5291K, capacity 5868K, committed 5884K, reserved 1048576K
GC Heap History (10 events):
Event: 6.751 GC heap before
{Heap before GC invocations=14 (full 0):
 garbage-first heap   total 630784K, used 388083K [0x0000000600800000, 0x0000000800000000)
  region size 2048K, 184 young (376832K), 3 survivors (6144K)
 Metaspace       used 45972K, capacity 47059K, committed 47228K, reserved 1091584K
  class space    used 4858K, capacity 5391K, committed 5500K, reserved 1048576K
}
Event: 6.757 GC heap after
{Heap after GC invocations=15 (full 0):
 garbage-first heap   total 630784K, used 17337K [0x0000000600800000, 0x0000000800000000)
  region size 2048K, 3 young (6144K), 3 survivors (6144K)
 Metaspace       used 45972K, capacity 47059K, committed 47228K, reserved 1091584K
  class space    used 4858K, capacity 5391K, committed 5500K, reserved 1048576K
}
Event: 7.185 GC heap before
{Heap before GC invocations=15 (full 0):
 garbage-first heap   total 630784K, used 388025K [0x0000000600800000, 0x0000000800000000)
  region size 2048K, 184 young (376832K), 3 survivors (6144K)
 Metaspace       used 45983K, capacity 47059K, committed 47228K, reserved 1091584K
  class space    used 4860K, capacity 5391K, committed 5500K, reserved 1048576K
}
Event: 7.190 GC heap after
{Heap after GC invocations=16 (full 0):
 garbage-first heap   total 630784K, used 17366K [0x0000000600800000, 0x0000000800000000)
  region size 2048K, 3 young (6144K), 3 survivors (6144K)
 Metaspace       used 45983K, capacity 47059K, committed 47228K, reserved 1091584K
  class space    used 4860K, capacity 5391K, committed 5500K, reserved 1048576K
}
Event: 7.624 GC heap before
{Heap before GC invocations=16 (full 0):
 garbage-first heap   total 630784K, used 388054K [0x0000000600800000, 0x0000000800000000)
  region size 2048K, 184 young (376832K), 3 survivors (6144K)
 Metaspace       used 45987K, capacity 47059K, committed 47228K, reserved 1091584K
  class space    used 4860K, capacity 5391K, committed 5500K, reserved 1048576K
}
Event: 7.629 GC heap after
{Heap after GC invocations=17 (full 0):
 garbage-first heap   total 630784K, used 17273K [0x0000000600800000, 0x0000000800000000)
  region size 2048K, 3 young (6144K), 3 survivors (6144K)
 Metaspace       used 45987K, capacity 47059K, committed 47228K, reserved 1091584K
  class space    used 4860K, capacity 5391K, committed 5500K, reserved 1048576K
}
Event: 8.207 GC heap before
{Heap before GC invocations=17 (full 0):
 garbage-first heap   total 630784K, used 387961K [0x0000000600800000, 0x0000000800000000)
  region size 2048K, 184 young (376832K), 3 survivors (6144K)
 Metaspace       used 45996K, capacity 47059K, committed 47228K, reserved 1091584K
  class space    used 4860K, capacity 5391K, committed 5500K, reserved 1048576K
}
Event: 8.212 GC heap after
{Heap after GC invocations=18 (full 0):
 garbage-first heap   total 630784K, used 17298K [0x0000000600800000, 0x0000000800000000)
  region size 2048K, 3 young (6144K), 3 survivors (6144K)
 Metaspace       used 45996K, capacity 47059K, committed 47228K, reserved 1091584K
  class space    used 4860K, capacity 5391K, committed 5500K, reserved 1048576K
}
Event: 25.240 GC heap before
{Heap before GC invocations=18 (full 0):
 garbage-first heap   total 630784K, used 387986K [0x0000000600800000, 0x0000000800000000)
  region size 2048K, 184 young (376832K), 3 survivors (6144K)
 Metaspace       used 49163K, capacity 50308K, committed 50428K, reserved 1093632K
  class space    used 5265K, capacity 5841K, committed 5884K, reserved 1048576K
}
Event: 25.246 GC heap after
{Heap after GC invocations=19 (full 0):
 garbage-first heap   total 630784K, used 18055K [0x0000000600800000, 0x0000000800000000)
  region size 2048K, 3 young (6144K), 3 survivors (6144K)
 Metaspace       used 49163K, capacity 50308K, committed 50428K, reserved 1093632K
  class space    used 5265K, capacity 5841K, committed 5884K, reserved 1048576K
}

